<?xml version="1.0" encoding="UTF-8"?>
<!-- Generated by org.testng.reporters.JUnitReportReporter -->
<testsuite hostname="DESKTOP-VSQV1KC" failures="0" tests="1" name="Automation.Constantsclass" time="4.860" errors="0" timestamp="2022-10-24T17:45:12 IST" skipped="0">
  <testcase classname="Automation.Constantsclass" name="ram" time="4.860"/>
  <system-out/>
</testsuite> <!-- Automation.Constantsclass -->
