<?xml version="1.0" encoding="UTF-8"?>
<!-- Generated by org.testng.reporters.JUnitReportReporter -->
<testsuite hostname="DESKTOP-VSQV1KC" failures="0" tests="1" name="Automation.ExcleAutomation" time="25.465" errors="0" timestamp="2022-10-25T10:01:28 IST" skipped="0">
  <testcase classname="Automation.ExcleAutomation" name="excle" time="25.465"/>
  <system-out/>
</testsuite> <!-- Automation.ExcleAutomation -->
